[debug] [2021-10-02T18:16:17.856Z] ----------------------------------------------------------------------
[debug] [2021-10-02T18:16:17.860Z] Command:       C:\Program Files\nodejs\node.exe C:\Users\friki\AppData\Roaming\npm\node_modules\firebase-tools\lib\bin\firebase.js init
[debug] [2021-10-02T18:16:17.861Z] CLI Version:   9.19.0
[debug] [2021-10-02T18:16:17.861Z] Platform:      win32
[debug] [2021-10-02T18:16:17.861Z] Node Version:  v14.17.5
[debug] [2021-10-02T18:16:17.863Z] Time:          Sat Oct 02 2021 20:16:17 GMT+0200 (hora de verano de Europa central)
[debug] [2021-10-02T18:16:17.863Z] ----------------------------------------------------------------------
[debug] 
[debug] [2021-10-02T18:16:17.962Z] > command requires scopes: ["email","openid","https://www.googleapis.com/auth/cloudplatformprojects.readonly","https://www.googleapis.com/auth/firebase","https://www.googleapis.com/auth/cloud-platform"]
[debug] [2021-10-02T18:16:17.962Z] > authorizing via signed-in user (friki.inside@gmail.com)
[info] 
     ######## #### ########  ######## ########     ###     ######  ########
     ##        ##  ##     ## ##       ##     ##  ##   ##  ##       ##
     ######    ##  ########  ######   ########  #########  ######  ######
     ##        ##  ##    ##  ##       ##     ## ##     ##       ## ##
     ##       #### ##     ## ######## ########  ##     ##  ######  ########

You're about to initialize a Firebase project in this directory:

  C:\Users\friki\OneDrive\KSD.web\dialogflow-rich-response-generator

Before we get started, keep in mind:

  * You are initializing within an existing Firebase project directory

